<?xml version="1.0" encoding="UTF-8"?>
<testng-results ignored="0" total="1" passed="1" failed="0" skipped="0">
  <reporter-output>
  </reporter-output>
  <suite started-at="2024-07-28T11:04:42 IST" name="Default suite" finished-at="2024-07-28T11:05:21 IST" duration-ms="39384">
    <groups>
    </groups>
    <test started-at="2024-07-28T11:04:42 IST" name="Default test" finished-at="2024-07-28T11:05:21 IST" duration-ms="39384">
      <class name="TestCases.TC02_AddItem">
        <test-method is-config="true" signature="setup()[pri:0, instance:TestCases.TC02_AddItem@139982de]" started-at="2024-07-28T11:04:42 IST" name="setup" finished-at="2024-07-28T11:04:54 IST" duration-ms="12075" status="PASS">
          <reporter-output>
          </reporter-output>
        </test-method> <!-- setup -->
        <test-method signature="AddItem()[pri:0, instance:TestCases.TC02_AddItem@139982de]" started-at="2024-07-28T11:04:54 IST" name="AddItem" finished-at="2024-07-28T11:05:21 IST" duration-ms="27201" status="PASS">
          <reporter-output>
          </reporter-output>
        </test-method> <!-- AddItem -->
      </class> <!-- TestCases.TC02_AddItem -->
    </test> <!-- Default test -->
  </suite> <!-- Default suite -->
</testng-results>
